nov. 11, 2019 1:53:04 PM fr.eni_ecole.cours.ihm.PanelEleve7 <init>
INFOS: lancement de l'application - logger - INFO.
nov. 11, 2019 1:53:27 PM fr.eni_ecole.cours.ihm.FenetrePrincipale7 actionPerformed
INFOS: Sérialisation des élèves dans C:\temp\essai - logger - INFO.
nov. 11, 2019 1:53:34 PM fr.eni_ecole.cours.ihm.FenetrePrincipale7 actionPerformed
INFOS: Désérialisation des élèves de - logger - INFO.
nov. 11, 2019 1:53:34 PM fr.eni_ecole.cours.ihm.FenetrePrincipale7 actionPerformed
INFOS: Eleve -> 
	 nom : Dupont 
	 prenom : Jean 
	 adresse : 10 impasse des Lilas - 79000 NIORT 
 - logger - INFO.
nov. 11, 2019 1:53:34 PM fr.eni_ecole.cours.ihm.FenetrePrincipale7 actionPerformed
INFOS: Eleve -> 
	 nom : Durand 
	 prenom : Sophie 
	 adresse : 40 rue des Rossignoles - 44000 NANTES 
 - logger - INFO.
nov. 11, 2019 1:53:34 PM fr.eni_ecole.cours.ihm.FenetrePrincipale7 actionPerformed
INFOS: Eleve -> 
	 nom : holmes 
	 prenom : sherlock 
	 adresse : 221 baker street - 222 LONDON 
 - logger - INFO.
nov. 11, 2019 1:53:34 PM fr.eni_ecole.cours.ihm.FenetrePrincipale7 actionPerformed
INFOS: Désérialisation des élèves de C:\temp\essai - logger - INFO.
nov. 11, 2019 1:54:39 PM fr.eni_ecole.cours.ihm.FenetrePrincipale7 actionPerformed
INFOS: Sérialisation des élèves dans C:\temp\essai - logger - INFO.
nov. 11, 2019 1:54:48 PM fr.eni_ecole.cours.ihm.FenetrePrincipale7 actionPerformed
INFOS: Désérialisation des élèves de - logger - INFO.
nov. 11, 2019 1:54:48 PM fr.eni_ecole.cours.ihm.FenetrePrincipale7 actionPerformed
INFOS: Eleve -> 
	 nom : Dupont 
	 prenom : Jean 
	 adresse : 10 impasse des Lilas - 79000 NIORT 
 - logger - INFO.
nov. 11, 2019 1:54:48 PM fr.eni_ecole.cours.ihm.FenetrePrincipale7 actionPerformed
INFOS: Eleve -> 
	 nom : Durand 
	 prenom : Sophie 
	 adresse : 40 rue des Rossignoles - 44000 NANTES 
 - logger - INFO.
nov. 11, 2019 1:54:48 PM fr.eni_ecole.cours.ihm.FenetrePrincipale7 actionPerformed
INFOS: Eleve -> 
	 nom : holmes 
	 prenom : sherlock 
	 adresse : 221 baker street - 222 LONDON 
 - logger - INFO.
nov. 11, 2019 1:54:48 PM fr.eni_ecole.cours.ihm.FenetrePrincipale7 actionPerformed
INFOS: Désérialisation des élèves de C:\temp\essai - logger - INFO.
